<?xml version="1.0" encoding="UTF-8"?>
<!-- Generated by org.testng.reporters.JUnitXMLReporter -->
<testsuite ignored="0" hostname="Admin-PC" failures="0" tests="2" name="Default test" time="0.36" errors="0" timestamp="18 Sep 2022 16:01:38 GMT">
  <testcase classname="testClass_pacakge.TestClass" name="@BeforeTest launchBrowser" time="0.296">
    <failure type="java.lang.NullPointerException" message="Cannot invoke &amp;quot;String.equalsIgnoreCase(String)&amp;quot; because &amp;quot;browser&amp;quot; is null">
      <![CDATA[java.lang.NullPointerException: Cannot invoke "String.equalsIgnoreCase(String)" because "browser" is null
at testClass_pacakge.TestClass.launchBrowser(TestClass.java:44)
at java.base/jdk.internal.reflect.NativeMethodAccessorImpl.invoke0(Native Method)
at java.base/jdk.internal.reflect.NativeMethodAccessorImpl.invoke(NativeMethodAccessorImpl.java:77)
at java.base/jdk.internal.reflect.DelegatingMethodAccessorImpl.invoke(DelegatingMethodAccessorImpl.java:43)
at java.base/java.lang.reflect.Method.invoke(Method.java:568)
at org.testng.internal.MethodInvocationHelper.invokeMethod(MethodInvocationHelper.java:124)
at org.testng.internal.MethodInvocationHelper.invokeMethodConsideringTimeout(MethodInvocationHelper.java:59)
at org.testng.internal.Invoker.invokeConfigurationMethod(Invoker.java:458)
at org.testng.internal.Invoker.invokeConfigurations(Invoker.java:222)
at org.testng.internal.Invoker.invokeConfigurations(Invoker.java:142)
at org.testng.TestRunner.beforeRun(TestRunner.java:529)
at org.testng.TestRunner.run(TestRunner.java:497)
at org.testng.SuiteRunner.runTest(SuiteRunner.java:455)
at org.testng.SuiteRunner.runSequentially(SuiteRunner.java:450)
at org.testng.SuiteRunner.privateRun(SuiteRunner.java:415)
at org.testng.SuiteRunner.run(SuiteRunner.java:364)
at org.testng.SuiteRunnerWorker.runSuite(SuiteRunnerWorker.java:52)
at org.testng.SuiteRunnerWorker.run(SuiteRunnerWorker.java:84)
at org.testng.TestNG.runSuitesSequentially(TestNG.java:1208)
at org.testng.TestNG.runSuitesLocally(TestNG.java:1137)
at org.testng.TestNG.runSuites(TestNG.java:1049)
at org.testng.TestNG.run(TestNG.java:1017)
at org.testng.remote.AbstractRemoteTestNG.run(AbstractRemoteTestNG.java:115)
at org.testng.remote.RemoteTestNG.initAndRun(RemoteTestNG.java:251)
at org.testng.remote.RemoteTestNG.main(RemoteTestNG.java:77)
]]>
    </failure>
  </testcase> <!-- @BeforeTest launchBrowser -->
  <testcase classname="testClass_pacakge.TestClass" name="@BeforeClass createObject" time="0.0">
    <skipped/>
  </testcase> <!-- @BeforeClass createObject -->
  <testcase classname="testClass_pacakge.TestClass" name="@BeforeMethod loginToUserAccount" time="0.0">
    <skipped/>
  </testcase> <!-- @BeforeMethod loginToUserAccount -->
  <testcase classname="testClass_pacakge.TestClass" name="@AfterMethod logoutAccount" time="0.0">
    <skipped/>
  </testcase> <!-- @AfterMethod logoutAccount -->
  <testcase classname="testClass_pacakge.TestClass" name="@BeforeMethod loginToUserAccount" time="0.0">
    <skipped/>
  </testcase> <!-- @BeforeMethod loginToUserAccount -->
  <testcase classname="testClass_pacakge.TestClass" name="@AfterMethod logoutAccount" time="0.0">
    <skipped/>
  </testcase> <!-- @AfterMethod logoutAccount -->
  <testcase classname="testClass_pacakge.TestClass" name="@AfterClass clearObjects" time="0.0">
    <skipped/>
  </testcase> <!-- @AfterClass clearObjects -->
  <testcase classname="testClass_pacakge.TestClass" name="@AfterTest closedBrowser" time="0.0">
    <skipped/>
  </testcase> <!-- @AfterTest closedBrowser -->
  <testcase classname="testClass_pacakge.TestClass" name="verifydashboard" time="0.0">
    <skipped/>
  </testcase> <!-- verifydashboard -->
  <testcase classname="testClass_pacakge.TestClass" name="verifyorder" time="0.0">
    <skipped/>
  </testcase> <!-- verifyorder -->
</testsuite> <!-- Default test -->
